<?xml version="1.0" encoding="UTF-8"?>
<!-- Generated by org.testng.reporters.JUnitReportReporter -->
<testsuite skipped="0" hostname="DESKTOP-JO8UC9B" name="com.training.sanity.tests.ELTC_046" tests="1" failures="0" timestamp="2019-11-20T13:43:05 IST" time="30.776" errors="0">
  <testcase name="ELTC_046" time="30.776" classname="com.training.sanity.tests.ELTC_046"/>
</testsuite> <!-- com.training.sanity.tests.ELTC_046 -->
