<?xml version="1.0" encoding="UTF-8"?>
<!-- Generated by org.testng.reporters.JUnitReportReporter -->
<testsuite skipped="0" hostname="DESKTOP-JO8UC9B" name="com.training.sanity.tests.ELTC_016" tests="1" failures="0" timestamp="2019-11-13T16:54:49 IST" time="21.793" errors="0">
  <testcase name="validLoginTest" time="21.793" classname="com.training.sanity.tests.ELTC_016"/>
</testsuite> <!-- com.training.sanity.tests.ELTC_016 -->
