<?xml version="1.0" encoding="UTF-8"?>
<!-- Generated by org.testng.reporters.JUnitReportReporter -->
<testsuite skipped="0" hostname="DESKTOP-JO8UC9B" name="com.training.sanity.tests.ELTC_018" tests="1" failures="0" timestamp="2019-11-14T12:22:32 IST" time="35.886" errors="0">
  <testcase name="validLoginTest" time="35.886" classname="com.training.sanity.tests.ELTC_018"/>
</testsuite> <!-- com.training.sanity.tests.ELTC_018 -->
