<?xml version="1.0" encoding="UTF-8"?>
<!-- Generated by org.testng.reporters.JUnitReportReporter -->
<testsuite skipped="0" hostname="DESKTOP-JO8UC9B" name="com.training.sanity.tests.ELTC_048" tests="1" failures="0" timestamp="2019-11-19T18:25:58 IST" time="89.844" errors="0">
  <testcase name="ELTC_048" time="89.844" classname="com.training.sanity.tests.ELTC_048"/>
</testsuite> <!-- com.training.sanity.tests.ELTC_048 -->
