<?xml version="1.0" encoding="UTF-8"?>
<!-- Generated by org.testng.reporters.JUnitReportReporter -->
<testsuite skipped="0" hostname="DESKTOP-JO8UC9B" name="com.training.sanity.tests.ELTC_017" tests="1" failures="0" timestamp="2019-11-15T10:53:16 IST" time="47.253" errors="0">
  <testcase name="validLoginTest" time="47.253" classname="com.training.sanity.tests.ELTC_017"/>
</testsuite> <!-- com.training.sanity.tests.ELTC_017 -->
