<?xml version="1.0" encoding="UTF-8"?>
<!-- Generated by org.testng.reporters.JUnitReportReporter -->
<testsuite skipped="0" hostname="DESKTOP-JO8UC9B" name="com.training.sanity.tests.ELTC_047" tests="1" failures="0" timestamp="2019-11-15T17:07:28 IST" time="31.816" errors="0">
  <testcase name="AdminLogin" time="31.816" classname="com.training.sanity.tests.ELTC_047"/>
</testsuite> <!-- com.training.sanity.tests.ELTC_047 -->
