<?xml version="1.0" encoding="UTF-8"?>
<!-- Generated by org.testng.reporters.JUnitReportReporter -->
<testsuite skipped="0" hostname="DESKTOP-JO8UC9B" name="com.training.sanity.tests.LoginAsStudent" tests="1" failures="0" timestamp="2019-11-14T13:18:59 IST" time="26.224" errors="0">
  <testcase name="LoginAsStudent" time="26.224" classname="com.training.sanity.tests.LoginAsStudent"/>
</testsuite> <!-- com.training.sanity.tests.LoginAsStudent -->
