<?xml version="1.0" encoding="UTF-8"?>
<!-- Generated by org.testng.reporters.JUnitReportReporter -->
<testsuite skipped="0" hostname="DESKTOP-JO8UC9B" name="com.training.sanity.tests.ELTC_016" tests="1" failures="0" timestamp="2019-11-14T12:44:58 IST" time="27.957" errors="0">
  <testcase name="validLoginTest" time="27.957" classname="com.training.sanity.tests.ELTC_016"/>
</testsuite> <!-- com.training.sanity.tests.ELTC_016 -->
