<?xml version="1.0" encoding="UTF-8"?>
<!-- Generated by org.testng.reporters.JUnitReportReporter -->
<testsuite skipped="0" hostname="DESKTOP-JO8UC9B" name="com.training.sanity.tests.ELTC_046" tests="1" failures="0" timestamp="2019-11-15T11:57:28 IST" time="27.442" errors="0">
  <testcase name="Login" time="27.442" classname="com.training.sanity.tests.ELTC_046"/>
</testsuite> <!-- com.training.sanity.tests.ELTC_046 -->
