<?xml version="1.0" encoding="UTF-8"?>
<!-- Generated by org.testng.reporters.JUnitReportReporter -->
<testsuite skipped="0" hostname="DESKTOP-JO8UC9B" name="com.training.sanity.tests.ELTC_046" tests="1" failures="0" timestamp="2019-11-19T09:24:34 IST" time="23.288" errors="0">
  <testcase name="Login" time="23.288" classname="com.training.sanity.tests.ELTC_046"/>
</testsuite> <!-- com.training.sanity.tests.ELTC_046 -->
